2021-07-31 18:59:27,752 - INFO: Log file <<_io.TextIOWrapper name='calc_log.log' mode='a' encoding='UTF-8'>> opened.
2021-07-31 18:59:45,757 - ERROR: ---> operand1 = <6k> isn't correct  number
2021-07-31 18:59:49,984 - INFO: operand1 = 6 is type integer
2021-07-31 18:59:56,149 - ERROR: ---> <'='> isn't correct command!
2021-07-31 18:59:59,077 - INFO: selected command -> "/"
2021-07-31 19:00:02,767 - INFO: ---> Dirty hack is present in the definition of operand2! Because float('0') != True
2021-07-31 19:00:02,767 - INFO: operand2 = 0 is type integer
2021-07-31 19:00:02,768 - WARNING: ---> Warning! Division by zero!
2021-07-31 19:00:02,768 - INFO: 6 / 0 = 0
2021-07-31 19:00:08,099 - INFO: *** Program exit ***
2021-07-31 19:02:22,234 - INFO: Log file <<_io.TextIOWrapper name='calc_log.log' mode='a' encoding='UTF-8'>> opened.
2021-07-31 19:02:25,474 - INFO: operand1 = 7 is type integer
2021-07-31 19:02:27,519 - INFO: selected command -> "+"
2021-07-31 19:02:29,689 - INFO: ---> Dirty hack is present in the definition of operand2! Because float('0') != True
2021-07-31 19:02:29,689 - INFO: operand2 = 0 is type integer
2021-07-31 19:02:29,690 - INFO: 7 + 0 = 7
2021-07-31 19:08:22,831 - INFO: *** Program exit ***
2021-07-31 19:08:58,351 - INFO: Log file <<_io.TextIOWrapper name='calc_log.log' mode='a' encoding='UTF-8'>> opened.
2021-07-31 19:09:03,504 - INFO: ---> Dirty hack is present in the definition of operand1! Because float('0') != True
2021-07-31 19:09:03,505 - INFO: operand1 = 0.0 is type float
2021-07-31 19:09:05,720 - INFO: selected command -> "/"
2021-07-31 19:09:06,988 - INFO: ---> Dirty hack is present in the definition of operand2! Because float('0') != True
2021-07-31 19:09:06,989 - INFO: operand2 = 0 is type integer
2021-07-31 19:09:06,989 - WARNING: ---> Warning! Division by zero!
2021-07-31 19:09:06,989 - INFO: 0.0 / 0 = 0
2021-07-31 19:09:11,310 - INFO: operand1 = 9.0 is type float
2021-07-31 19:09:13,833 - INFO: selected command -> "/"
2021-07-31 19:09:15,881 - INFO: ---> Dirty hack is present in the definition of operand2! Because float('0') != True
2021-07-31 19:09:15,882 - INFO: operand2 = 0.0 is type float
2021-07-31 19:09:15,882 - WARNING: ---> Warning! Division by zero!
2021-07-31 19:09:15,882 - INFO: 9.0 / 0.0 = 0
2021-07-31 19:09:20,944 - INFO: operand1 = 9.9 is type float
2021-07-31 19:09:26,459 - INFO: selected command -> "/"
2021-07-31 19:09:28,058 - INFO: ---> Dirty hack is present in the definition of operand2! Because float('0') != True
2021-07-31 19:09:28,058 - INFO: operand2 = 0 is type integer
2021-07-31 19:09:28,059 - WARNING: ---> Warning! Division by zero!
2021-07-31 19:09:28,059 - INFO: 9.9 / 0 = 0
2021-07-31 19:09:44,768 - INFO: operand1 = 8 is type integer
2021-07-31 19:09:46,242 - INFO: selected command -> "/"
2021-07-31 19:09:47,670 - INFO: ---> Dirty hack is present in the definition of operand2! Because float('0') != True
2021-07-31 19:09:47,670 - INFO: operand2 = 0 is type integer
2021-07-31 19:09:47,670 - WARNING: ---> Warning! Division by zero!
2021-07-31 19:09:47,671 - INFO: 8 / 0 = 0
2021-07-31 19:09:52,347 - INFO: *** Program exit ***
2021-07-31 19:11:56,774 - INFO: Log file <<_io.TextIOWrapper name='calc_log.log' mode='a' encoding='UTF-8'>> opened.
2021-07-31 19:12:01,378 - INFO: operand1 = 8.8 is type float3333333333333333
2021-07-31 19:12:04,569 - INFO: selected command -> "-"
2021-07-31 19:12:07,371 - INFO: operand2 = 9 is type integer11111
2021-07-31 19:12:07,372 - INFO: 8.8 - 9 = -0.1999999999999993
2021-07-31 19:13:15,166 - INFO: Log file <<_io.TextIOWrapper name='calc_log.log' mode='a' encoding='UTF-8'>> opened.
2021-07-31 19:13:18,205 - INFO: *** Program exit ***
